#-----------------------------------------------------------
# Vivado v2015.2 (64-bit)
# SW Build 1266856 on Fri Jun 26 16:35:25 MDT 2015
# IP Build 1264090 on Wed Jun 24 14:22:01 MDT 2015
# Start of session at: Wed Sep 28 16:47:15 2016
# Process ID: 2304
# Log file: E:/iyuge2/iyuge2/project_yuge/vivado.log
# Journal file: E:/iyuge2/iyuge2/project_yuge\vivado.jou
#-----------------------------------------------------------
start_gui
open_project E:/iyuge2/iyuge2/project_yuge/project_yuge.xpr
INFO: [Project 1-313] Project file moved from 'D:/iyuge2/project_yuge' since last save.
Scanning sources...
Finished scanning sources
INFO: [IP_Flow 19-234] Refreshing IP repositories
INFO: [IP_Flow 19-1704] No user IP repositories specified
INFO: [IP_Flow 19-2313] Loaded Vivado IP repository 'C:/Xilinx/Vivado/2015.2/data/ip'.
open_project: Time (s): cpu = 00:00:10 ; elapsed = 00:00:05 . Memory (MB): peak = 747.754 ; gain = 158.410
exit
INFO: [Common 17-206] Exiting Vivado at Wed Sep 28 16:47:47 2016...
